Arguments: 
  C:\Program Files (x86)\nodejs\node.exe C:\Users\Steve\AppData\Roaming\npm\node_modules\yarn\bin\yarn.js

PATH: 
  C:\Program Files\Docker\Docker\Resources\bin;C:\Program Files (x86)\Microsoft SDKs\Azure\CLI2\wbin;C:\Python35\Lib\site-packages\PyQt5;C:\Program Files (x86)\Intel\iCLS Client\;C:\Program Files\Intel\iCLS Client\;C:\WINDOWS\system32;C:\WINDOWS;C:\WINDOWS\System32\Wbem;C:\WINDOWS\System32\WindowsPowerShell\v1.0\;C:\Program Files (x86)\Windows Live\Shared;C:\Program Files\Intel\Intel(R) Management Engine Components\DAL;C:\Program Files\Intel\Intel(R) Management Engine Components\IPT;C:\Program Files (x86)\Intel\Intel(R) Management Engine Components\DAL;C:\Program Files (x86)\Intel\Intel(R) Management Engine Components\IPT;C:\Program Files (x86)\Intel\OpenCL SDK\2.0\bin\x86;C:\Program Files (x86)\Intel\OpenCL SDK\2.0\bin\x64;C:\Program Files (x86)\Microsoft ASP.NET\ASP.NET Web Pages\v1.0\;C:\Program Files (x86)\Windows Kits\8.0\Windows Performance Toolkit\;C:\Program Files\Microsoft SQL Server\110\Tools\Binn\;C:\Program Files (x86)\Windows Kits\8.1\Windows Performance Toolkit\;C:\Program Files (x86)\Microsoft SDKs\TypeScript\;C:\Program Files (x86)\Microsoft SDKs\Windows Azure\CLI\wbin;C:\Program Files\Microsoft SQL Server\120\Tools\Binn\;C:\Program Files\Microsoft\Web Platform Installer\;C:\Program Files (x86)\Microsoft SDKs\TypeScript\1.0\;C:\Program Files (x86)\Skype\Phone\;C:\Program Files\Microsoft DNX\Dnvm\;C:\Program Files\Microsoft SQL Server\130\Tools\Binn\;C:\Program Files (x86)\PuTTY\;C:\ProgramData\chocolatey\bin;C:\Program Files (x86)\GtkSharp\2.12\bin;C:\Program Files\dotnet\;C:\Go\bin;C:\Program Files (x86)\nodejs\;C:\Program Files\Git\cmd;C:\Program Files (x86)\Microsoft VS Code\bin;C:\Users\Steve\AppData\Local\Microsoft\WindowsApps;C:\Users\Steve\AppData\Roaming\npm;C:\Users\Steve\Documents\ApprenticeNET11\ApprenticeEngineer\packages\squirrel.windows.1.7.9\tools;

Yarn version: 
  1.6.0

Node version: 
  8.9.1

Platform: 
  win32 x64

Trace: 
  Error: https://registry.yarnpkg.com/rxjs/-/rxjs-5.5.10.tgz: ESOCKETTIMEDOUT
      at ClientRequest.<anonymous> (C:\Users\Steve\AppData\Roaming\npm\node_modules\yarn\lib\cli.js:133786:19)
      at Object.onceWrapper (events.js:313:30)
      at emitNone (events.js:106:13)
      at ClientRequest.emit (events.js:208:7)
      at TLSSocket.emitTimeout (_http_client.js:708:34)
      at Object.onceWrapper (events.js:313:30)
      at emitNone (events.js:106:13)
      at TLSSocket.emit (events.js:208:7)
      at TLSSocket.Socket._onTimeout (net.js:407:8)
      at ontimeout (timers.js:475:11)

npm manifest: 
  {
    "name": "ng-foundry",
    "version": "1.0.0",
    "license": "MIT",
    "scripts": {
      "ng": "ng",
      "start": "ng serve",
      "build": "ng build",
      "test": "ng test",
      "lint": "ng lint",
      "e2e": "ng e2e",
      "postinstall": "node version.js"
    },
    "private": true,
    "dependencies": {
      "@angular/animations": "^5.2.0",
      "@angular/common": "^5.2.0",
      "@angular/compiler": "^5.2.0",
      "@angular/core": "^5.2.0",
      "@angular/forms": "^5.2.0",
      "@angular/http": "^5.2.0",
      "@angular/platform-browser": "^5.2.0",
      "@angular/platform-browser-dynamic": "^5.2.0",
      "@angular/router": "^5.2.0",
      "core-js": "^2.4.1",
      "rxjs": "^5.5.6",
      "zone.js": "^0.8.19",
      "@aspnet/signalr-client": "^1.0.0-alpha2-final",
      "@ngrx/store": "^4.1.1",
      "@types/three": "^0.89.2",
      "angular2-moment": "^1.8.0",
      "d3": "^4.12.0",
      "font-awesome": "^4.7.0",
      "git-describe": "^4.0.2",
      "gsap": "^1.20.3",
      "immutable": "^3.8.2",
      "interactjs": "^1.3.1",
      "konva": "^1.7.6",
      "mdn-polyfills": "^2.2.0",
      "ng2-toastr": "^4.1.2",
      "ngrx-core": "^1.2.2",
      "ngx-bootstrap": "^2.0.0-rc.0",
      "raw-loader": "^0.5.1",
      "reflect-metadata": "^0.1.10",
      "savery": "^1.2.0",
      "three": "^0.84.0",
      "webvr-polyfill": "^0.9.40"
    },
    "devDependencies": {
      "@angular/cli": "~1.7.3",
      "@angular/compiler-cli": "^5.2.0",
      "@angular/language-service": "^5.2.0",
      "@types/jasmine": "~2.8.3",
      "@types/jasminewd2": "~2.0.2",
      "@types/node": "~6.0.60",
      "codelyzer": "^4.0.1",
      "jasmine-core": "~2.8.0",
      "jasmine-spec-reporter": "~4.2.1",
      "karma": "~2.0.0",
      "karma-chrome-launcher": "~2.2.0",
      "karma-coverage-istanbul-reporter": "^1.2.1",
      "karma-jasmine": "~1.1.0",
      "karma-jasmine-html-reporter": "^0.2.2",
      "protractor": "~5.1.2",
      "ts-node": "~4.1.0",
      "tslint": "~5.9.1",
      "typescript": "~2.5.3"
    }
  }

yarn manifest: 
  No manifest

Lockfile: 
  No lockfile
